<?xml version="1.0" encoding="UTF-8"?>
<!-- Generated by org.testng.reporters.JUnitReportReporter -->
<testsuite hostname="VRAJV10" failures="0" tests="1" name="test.WC_Endorsement" time="543.749" errors="0" timestamp="2022-07-15T08:17:41 EDT" skipped="0">
  <testcase classname="test.WC_Endorsement" name="Endrosement" time="543.749"/>
  <system-out/>
</testsuite> <!-- test.WC_Endorsement -->
