<?xml version="1.0" encoding="UTF-8"?>
<!-- Generated by org.testng.reporters.JUnitReportReporter -->
<testsuite hostname="VRAJV10" failures="0" tests="1" name="test.OM_Cancellation" time="264.777" errors="0" timestamp="2022-07-04T03:24:35 EDT" skipped="0">
  <testcase classname="test.OM_Cancellation" name="Cancellation" time="264.777"/>
  <system-out/>
</testsuite> <!-- test.OM_Cancellation -->
