<?xml version="1.0" encoding="UTF-8"?>
<!-- Generated by org.testng.reporters.JUnitReportReporter -->
<testsuite hostname="VRAJV10" failures="0" tests="1" name="test.OM_NewBusinessIssue" time="457.009" errors="0" timestamp="2022-07-08T13:27:29 EDT" skipped="0">
  <testcase classname="test.OM_NewBusinessIssue" name="NewBusinessIssue" time="457.009"/>
  <system-out/>
</testsuite> <!-- test.OM_NewBusinessIssue -->
