<?xml version="1.0" encoding="UTF-8"?>
<!-- Generated by org.testng.reporters.JUnitReportReporter -->
<testsuite hostname="VRAJV10" failures="0" tests="1" name="test.WC_RemoveNonRenewal" time="105.092" errors="0" timestamp="2022-06-30T06:10:18 EDT" skipped="0">
  <testcase classname="test.WC_RemoveNonRenewal" name="Endrosement" time="105.092"/>
  <system-out/>
</testsuite> <!-- test.WC_RemoveNonRenewal -->
