<?xml version="1.0" encoding="UTF-8"?>
<!-- Generated by org.testng.reporters.JUnitReportReporter -->
<testsuite hostname="VRAJV10" failures="0" tests="1" name="test.WC_Cancellation" time="289.436" errors="0" timestamp="2022-06-29T06:14:10 EDT" skipped="0">
  <testcase classname="test.WC_Cancellation" name="Endrosement" time="289.436"/>
  <system-out/>
</testsuite> <!-- test.WC_Cancellation -->
