<?xml version="1.0" encoding="UTF-8"?>
<!-- Generated by org.testng.reporters.JUnitReportReporter -->
<testsuite hostname="VRAJV10" failures="0" tests="1" name="test.OM_NewBusinessIssueReissue" time="231.016" errors="0" timestamp="2022-07-01T14:28:44 EDT" skipped="0">
  <testcase classname="test.OM_NewBusinessIssueReissue" name="NewBusinessIssueReissue" time="231.016"/>
  <system-out/>
</testsuite> <!-- test.OM_NewBusinessIssueReissue -->
