<?xml version="1.0" encoding="UTF-8"?>
<!-- Generated by org.testng.reporters.JUnitReportReporter -->
<testsuite hostname="VRAJV10" failures="0" tests="1" name="test.OM_Renewal" time="469.834" errors="0" timestamp="2022-07-07T04:19:47 EDT" skipped="0">
  <testcase classname="test.OM_Renewal" name="Renewal" time="469.834"/>
  <system-out/>
</testsuite> <!-- test.OM_Renewal -->
