<?xml version="1.0" encoding="UTF-8"?>
<!-- Generated by org.testng.reporters.JUnitReportReporter -->
<testsuite hostname="VRAJV10" failures="0" tests="1" name="test.OM_Endorsement" time="537.302" errors="0" timestamp="2022-07-06T03:14:19 EDT" skipped="0">
  <testcase classname="test.OM_Endorsement" name="Endrosement" time="537.302"/>
  <system-out/>
</testsuite> <!-- test.OM_Endorsement -->
