<?xml version="1.0" encoding="UTF-8"?>
<!-- Generated by org.testng.reporters.JUnitReportReporter -->
<testsuite hostname="VRAJV10" failures="0" tests="1" name="test.WC_NewBusinessIssueReissue" time="362.351" errors="0" timestamp="2022-06-28T06:46:28 EDT" skipped="0">
  <testcase classname="test.WC_NewBusinessIssueReissue" name="Endrosement" time="362.351"/>
  <system-out/>
</testsuite> <!-- test.WC_NewBusinessIssueReissue -->
