<?xml version="1.0" encoding="UTF-8"?>
<!-- Generated by org.testng.reporters.JUnitReportReporter -->
<testsuite hostname="VRAJV10" failures="0" tests="1" name="test.OM_RemoveNonRenewal" time="80.977" errors="0" timestamp="2022-05-13T12:10:45 EDT" skipped="0">
  <testcase classname="test.OM_RemoveNonRenewal" name="Endrosement" time="80.977"/>
  <system-out/>
</testsuite> <!-- test.OM_RemoveNonRenewal -->
