<?xml version="1.0" encoding="UTF-8"?>
<!-- Generated by org.testng.reporters.JUnitReportReporter -->
<testsuite hostname="VRAJV10" failures="0" tests="1" name="test.WC_Audit" time="2243.865" errors="0" timestamp="2022-06-30T07:49:24 EDT" skipped="0">
  <testcase classname="test.WC_Audit" name="Audit_RevisedAudit" time="2243.865"/>
  <system-out/>
</testsuite> <!-- test.WC_Audit -->
