<?xml version="1.0" encoding="UTF-8"?>
<!-- Generated by org.testng.reporters.JUnitReportReporter -->
<testsuite hostname="VRAJV10" failures="0" tests="6" name="tests.Driver_Quit" time="0.580" errors="0" timestamp="2022-09-09T09:36:07 EDT" skipped="0">
  <testcase classname="tests.Driver_Quit" name="quit" time="0.575"/>
  <system-out/>
  <testcase classname="tests.Driver_Quit" name="Test" time="0.002"/>
  <system-out/>
  <testcase classname="tests.Driver_Quit" name="Test" time="0.001"/>
  <system-out/>
  <testcase classname="tests.Driver_Quit" name="Test" time="0.000"/>
  <system-out/>
  <testcase classname="tests.Driver_Quit" name="Test" time="0.001"/>
  <system-out/>
  <testcase classname="tests.Driver_Quit" name="Test" time="0.001"/>
  <system-out/>
</testsuite> <!-- tests.Driver_Quit -->
