<?xml version="1.0" encoding="UTF-8"?>
<!-- Generated by org.testng.reporters.JUnitReportReporter -->
<testsuite hostname="VRAJV10" failures="0" tests="1" name="test.WC_Renewal" time="322.886" errors="0" timestamp="2022-06-30T06:23:57 EDT" skipped="0">
  <testcase classname="test.WC_Renewal" name="Endrosement" time="322.886"/>
  <system-out/>
</testsuite> <!-- test.WC_Renewal -->
